<?xml version="1.0" ?>
<coverage version="7.13.4" timestamp="1771709878470" lines-valid="486" lines-covered="306" line-rate="0.6296" branches-valid="170" branches-covered="71" branch-rate="0.4176" complexity="0">
	<!-- Generated by coverage.py: https://coverage.readthedocs.io/en/7.13.4 -->
	<!-- Based on https://raw.githubusercontent.com/cobertura/web/master/htdocs/xml/coverage-04.dtd -->
	<sources>
		<source>/nfs/team205/vk7/sanger_projects/my_packages/regularizedvi</source>
	</sources>
	<packages>
		<package name="src.regularizedvi" line-rate="0.6652" branch-rate="0.4176" complexity="0">
			<classes>
				<class name="__init__.py" filename="src/regularizedvi/__init__.py" complexity="0" line-rate="1" branch-rate="1">
					<methods/>
					<lines>
						<line number="1" hits="1"/>
						<line number="3" hits="1"/>
						<line number="8" hits="1"/>
						<line number="9" hits="1"/>
						<line number="11" hits="1"/>
						<line number="19" hits="1"/>
					</lines>
				</class>
				<class name="_components.py" filename="src/regularizedvi/_components.py" complexity="0" line-rate="0.7217" branch-rate="0.5">
					<methods/>
					<lines>
						<line number="19" hits="1"/>
						<line number="20" hits="1"/>
						<line number="21" hits="1"/>
						<line number="23" hits="1"/>
						<line number="24" hits="1"/>
						<line number="25" hits="1"/>
						<line number="28" hits="1"/>
						<line number="29" hits="1"/>
						<line number="32" hits="1"/>
						<line number="75" hits="1"/>
						<line number="91" hits="1"/>
						<line number="92" hits="1"/>
						<line number="93" hits="1"/>
						<line number="94" hits="1"/>
						<line number="96" hits="1" branch="true" condition-coverage="100% (2/2)"/>
						<line number="98" hits="1"/>
						<line number="100" hits="1"/>
						<line number="102" hits="1"/>
						<line number="104" hits="1" branch="true" condition-coverage="50% (1/2)" missing-branches="106"/>
						<line number="106" hits="0"/>
						<line number="129" hits="1"/>
						<line number="151" hits="1"/>
						<line number="153" hits="1"/>
						<line number="154" hits="1"/>
						<line number="156" hits="1"/>
						<line number="158" hits="0"/>
						<line number="160" hits="0"/>
						<line number="161" hits="0"/>
						<line number="162" hits="0"/>
						<line number="163" hits="0" branch="true" condition-coverage="0% (0/2)" missing-branches="164,165"/>
						<line number="164" hits="0"/>
						<line number="165" hits="0"/>
						<line number="167" hits="0"/>
						<line number="168" hits="0"/>
						<line number="170" hits="0" branch="true" condition-coverage="0% (0/2)" missing-branches="exit,171"/>
						<line number="171" hits="0" branch="true" condition-coverage="0% (0/2)" missing-branches="170,172"/>
						<line number="172" hits="0" branch="true" condition-coverage="0% (0/2)" missing-branches="173,174"/>
						<line number="173" hits="0"/>
						<line number="174" hits="0" branch="true" condition-coverage="0% (0/2)" missing-branches="171,175"/>
						<line number="175" hits="0" branch="true" condition-coverage="0% (0/2)" missing-branches="176,178"/>
						<line number="176" hits="0"/>
						<line number="178" hits="0"/>
						<line number="179" hits="0"/>
						<line number="180" hits="0"/>
						<line number="181" hits="0"/>
						<line number="183" hits="1"/>
						<line number="198" hits="1"/>
						<line number="200" hits="1" branch="true" condition-coverage="50% (1/2)" missing-branches="201"/>
						<line number="201" hits="0"/>
						<line number="202" hits="1" branch="true" condition-coverage="100% (2/2)"/>
						<line number="203" hits="1" branch="true" condition-coverage="50% (1/2)" missing-branches="204"/>
						<line number="204" hits="0"/>
						<line number="205" hits="1" branch="true" condition-coverage="50% (1/2)" missing-branches="202"/>
						<line number="206" hits="1" branch="true" condition-coverage="50% (1/2)" missing-branches="209"/>
						<line number="207" hits="1"/>
						<line number="209" hits="0"/>
						<line number="210" hits="1"/>
						<line number="211" hits="1" branch="true" condition-coverage="100% (2/2)"/>
						<line number="212" hits="1" branch="true" condition-coverage="100% (2/2)"/>
						<line number="213" hits="1" branch="true" condition-coverage="100% (2/2)"/>
						<line number="214" hits="1" branch="true" condition-coverage="50% (1/2)" missing-branches="215"/>
						<line number="215" hits="0" branch="true" condition-coverage="0% (0/2)" missing-branches="216,218"/>
						<line number="216" hits="0"/>
						<line number="218" hits="0"/>
						<line number="220" hits="1" branch="true" condition-coverage="100% (2/2)"/>
						<line number="221" hits="1" branch="true" condition-coverage="50% (1/2)" missing-branches="222"/>
						<line number="222" hits="0"/>
						<line number="226" hits="1"/>
						<line number="227" hits="1"/>
						<line number="228" hits="1"/>
						<line number="229" hits="1"/>
						<line number="232" hits="1"/>
						<line number="270" hits="1"/>
						<line number="284" hits="1"/>
						<line number="286" hits="1"/>
						<line number="287" hits="1"/>
						<line number="288" hits="1"/>
						<line number="297" hits="1"/>
						<line number="298" hits="1"/>
						<line number="299" hits="1"/>
						<line number="301" hits="1" branch="true" condition-coverage="50% (1/2)" missing-branches="302"/>
						<line number="302" hits="0"/>
						<line number="303" hits="1" branch="true" condition-coverage="50% (1/2)" missing-branches="304"/>
						<line number="304" hits="0"/>
						<line number="306" hits="1"/>
						<line number="307" hits="1"/>
						<line number="309" hits="1"/>
						<line number="331" hits="1"/>
						<line number="332" hits="1"/>
						<line number="333" hits="1"/>
						<line number="334" hits="1"/>
						<line number="335" hits="1"/>
						<line number="336" hits="1" branch="true" condition-coverage="50% (1/2)" missing-branches="338"/>
						<line number="337" hits="1"/>
						<line number="338" hits="0"/>
						<line number="341" hits="1"/>
						<line number="377" hits="1"/>
						<line number="390" hits="1"/>
						<line number="391" hits="1"/>
						<line number="405" hits="1" branch="true" condition-coverage="50% (1/2)" missing-branches="406"/>
						<line number="406" hits="0"/>
						<line number="407" hits="1" branch="true" condition-coverage="50% (1/2)" missing-branches="409"/>
						<line number="408" hits="1"/>
						<line number="409" hits="1"/>
						<line number="415" hits="1"/>
						<line number="418" hits="1"/>
						<line number="420" hits="1"/>
						<line number="461" hits="1"/>
						<line number="462" hits="1"/>
						<line number="463" hits="1"/>
						<line number="466" hits="1" branch="true" condition-coverage="100% (2/2)"/>
						<line number="467" hits="1"/>
						<line number="469" hits="1"/>
						<line number="471" hits="1"/>
						<line number="472" hits="1"/>
					</lines>
				</class>
				<class name="_constants.py" filename="src/regularizedvi/_constants.py" complexity="0" line-rate="1" branch-rate="1">
					<methods/>
					<lines>
						<line number="9" hits="1"/>
						<line number="10" hits="1"/>
						<line number="13" hits="1"/>
						<line number="14" hits="1"/>
						<line number="15" hits="1"/>
						<line number="18" hits="1"/>
						<line number="19" hits="1"/>
						<line number="20" hits="1"/>
						<line number="23" hits="1"/>
						<line number="24" hits="1"/>
						<line number="27" hits="1"/>
						<line number="28" hits="1"/>
						<line number="29" hits="1"/>
					</lines>
				</class>
				<class name="_model.py" filename="src/regularizedvi/_model.py" complexity="0" line-rate="0.7101" branch-rate="0.25">
					<methods/>
					<lines>
						<line number="13" hits="1"/>
						<line number="15" hits="1"/>
						<line number="16" hits="1"/>
						<line number="17" hits="1"/>
						<line number="19" hits="1"/>
						<line number="20" hits="1"/>
						<line number="21" hits="1"/>
						<line number="22" hits="1"/>
						<line number="23" hits="1"/>
						<line number="24" hits="1"/>
						<line number="33" hits="1"/>
						<line number="34" hits="1"/>
						<line number="42" hits="1"/>
						<line number="44" hits="1"/>
						<line number="57" hits="1"/>
						<line number="68" hits="1"/>
						<line number="69" hits="1"/>
						<line number="70" hits="1"/>
						<line number="72" hits="1"/>
						<line number="75" hits="1"/>
						<line number="164" hits="1"/>
						<line number="166" hits="1"/>
						<line number="188" hits="1"/>
						<line number="190" hits="1"/>
						<line number="209" hits="1"/>
						<line number="219" hits="1" branch="true" condition-coverage="50% (1/2)" missing-branches="220"/>
						<line number="220" hits="0"/>
						<line number="221" hits="0"/>
						<line number="228" hits="1"/>
						<line number="233" hits="1"/>
						<line number="234" hits="1"/>
						<line number="235" hits="1"/>
						<line number="236" hits="1" branch="true" condition-coverage="50% (1/2)" missing-branches="241"/>
						<line number="237" hits="1"/>
						<line number="241" hits="1"/>
						<line number="242" hits="1"/>
						<line number="270" hits="1"/>
						<line number="272" hits="1"/>
						<line number="274" hits="1"/>
						<line number="275" hits="1"/>
						<line number="276" hits="1"/>
						<line number="299" hits="1"/>
						<line number="300" hits="1"/>
						<line number="309" hits="1"/>
						<line number="310" hits="1" branch="true" condition-coverage="50% (1/2)" missing-branches="311"/>
						<line number="311" hits="0"/>
						<line number="312" hits="1"/>
						<line number="313" hits="1"/>
						<line number="314" hits="1"/>
						<line number="316" hits="1"/>
						<line number="317" hits="1"/>
						<line number="321" hits="0" branch="true" condition-coverage="0% (0/2)" missing-branches="322,337"/>
						<line number="322" hits="0"/>
						<line number="337" hits="0"/>
						<line number="338" hits="0"/>
						<line number="344" hits="0"/>
						<line number="346" hits="1"/>
						<line number="363" hits="0"/>
						<line number="365" hits="0" branch="true" condition-coverage="0% (0/2)" missing-branches="366,368"/>
						<line number="366" hits="0"/>
						<line number="368" hits="0" branch="true" condition-coverage="0% (0/2)" missing-branches="369,371"/>
						<line number="369" hits="0"/>
						<line number="371" hits="0"/>
						<line number="372" hits="0"/>
						<line number="373" hits="0"/>
						<line number="374" hits="0"/>
						<line number="375" hits="0"/>
						<line number="376" hits="0"/>
						<line number="377" hits="0"/>
					</lines>
				</class>
				<class name="_module.py" filename="src/regularizedvi/_module.py" complexity="0" line-rate="0.6031" branch-rate="0.3962">
					<methods/>
					<lines>
						<line number="14" hits="1"/>
						<line number="16" hits="1"/>
						<line number="17" hits="1"/>
						<line number="18" hits="1"/>
						<line number="20" hits="1"/>
						<line number="21" hits="1"/>
						<line number="22" hits="1"/>
						<line number="23" hits="1"/>
						<line number="24" hits="1"/>
						<line number="30" hits="1"/>
						<line number="31" hits="1"/>
						<line number="39" hits="1"/>
						<line number="42" hits="1"/>
						<line number="135" hits="1"/>
						<line number="172" hits="1"/>
						<line number="174" hits="1"/>
						<line number="176" hits="1"/>
						<line number="177" hits="1"/>
						<line number="178" hits="1"/>
						<line number="179" hits="1"/>
						<line number="180" hits="1"/>
						<line number="181" hits="1"/>
						<line number="182" hits="1"/>
						<line number="183" hits="1"/>
						<line number="184" hits="1"/>
						<line number="185" hits="1"/>
						<line number="186" hits="1"/>
						<line number="187" hits="1"/>
						<line number="188" hits="1"/>
						<line number="189" hits="1"/>
						<line number="191" hits="1" branch="true" condition-coverage="50% (1/2)" missing-branches="202"/>
						<line number="192" hits="1" branch="true" condition-coverage="50% (1/2)" missing-branches="193"/>
						<line number="193" hits="0"/>
						<line number="195" hits="1"/>
						<line number="197" hits="1"/>
						<line number="198" hits="1" branch="true" condition-coverage="50% (1/2)" missing-branches="200"/>
						<line number="199" hits="1"/>
						<line number="200" hits="1"/>
						<line number="202" hits="1" branch="true" condition-coverage="50% (1/2)" missing-branches="203"/>
						<line number="203" hits="0"/>
						<line number="204" hits="1" branch="true" condition-coverage="50% (1/2)" missing-branches="206"/>
						<line number="205" hits="1"/>
						<line number="206" hits="0" branch="true" condition-coverage="0% (0/2)" missing-branches="207,208"/>
						<line number="207" hits="0"/>
						<line number="208" hits="0" branch="true" condition-coverage="0% (0/2)" missing-branches="209,211"/>
						<line number="209" hits="0"/>
						<line number="211" hits="0"/>
						<line number="214" hits="1" branch="true" condition-coverage="100% (2/2)"/>
						<line number="215" hits="1"/>
						<line number="217" hits="1"/>
						<line number="218" hits="1" branch="true" condition-coverage="50% (1/2)" missing-branches="219"/>
						<line number="219" hits="0"/>
						<line number="220" hits="0"/>
						<line number="221" hits="1" branch="true" condition-coverage="50% (1/2)" missing-branches="222"/>
						<line number="222" hits="0"/>
						<line number="224" hits="1"/>
						<line number="225" hits="1"/>
						<line number="226" hits="1"/>
						<line number="227" hits="1"/>
						<line number="229" hits="1"/>
						<line number="230" hits="1" branch="true" condition-coverage="50% (1/2)" missing-branches="231"/>
						<line number="231" hits="0"/>
						<line number="232" hits="0"/>
						<line number="234" hits="1"/>
						<line number="236" hits="1"/>
						<line number="237" hits="1"/>
						<line number="238" hits="1"/>
						<line number="255" hits="1"/>
						<line number="256" hits="1"/>
						<line number="272" hits="1"/>
						<line number="273" hits="1" branch="true" condition-coverage="100% (2/2)"/>
						<line number="274" hits="1" branch="true" condition-coverage="50% (1/2)" missing-branches="275"/>
						<line number="275" hits="0"/>
						<line number="276" hits="1"/>
						<line number="279" hits="1"/>
						<line number="282" hits="1" branch="true" condition-coverage="50% (1/2)" missing-branches="284"/>
						<line number="283" hits="1"/>
						<line number="284" hits="0" branch="true" condition-coverage="0% (0/2)" missing-branches="285,287"/>
						<line number="285" hits="0"/>
						<line number="287" hits="0"/>
						<line number="289" hits="1"/>
						<line number="290" hits="1"/>
						<line number="303" hits="1"/>
						<line number="308" hits="1"/>
						<line number="310" hits="1" branch="true" condition-coverage="50% (1/2)" missing-branches="317"/>
						<line number="311" hits="1"/>
						<line number="317" hits="0" branch="true" condition-coverage="0% (0/2)" missing-branches="318,324"/>
						<line number="318" hits="0"/>
						<line number="324" hits="0"/>
						<line number="326" hits="1"/>
						<line number="332" hits="1"/>
						<line number="333" hits="1" branch="true" condition-coverage="50% (1/2)" missing-branches="334"/>
						<line number="334" hits="0"/>
						<line number="336" hits="1"/>
						<line number="346" hits="1"/>
						<line number="356" hits="1"/>
						<line number="358" hits="1"/>
						<line number="359" hits="1"/>
						<line number="361" hits="1"/>
						<line number="363" hits="1"/>
						<line number="365" hits="1"/>
						<line number="366" hits="1"/>
						<line number="375" hits="1"/>
						<line number="376" hits="1" branch="true" condition-coverage="50% (1/2)" missing-branches="377"/>
						<line number="377" hits="0"/>
						<line number="378" hits="1" branch="true" condition-coverage="50% (1/2)" missing-branches="381"/>
						<line number="379" hits="1"/>
						<line number="381" hits="1" branch="true" condition-coverage="50% (1/2)" missing-branches="382"/>
						<line number="382" hits="0"/>
						<line number="384" hits="1"/>
						<line number="385" hits="1" branch="true" condition-coverage="50% (1/2)" missing-branches="386"/>
						<line number="386" hits="0"/>
						<line number="388" hits="1"/>
						<line number="390" hits="1" branch="true" condition-coverage="50% (1/2)" missing-branches="391"/>
						<line number="391" hits="0"/>
						<line number="392" hits="0"/>
						<line number="393" hits="0"/>
						<line number="395" hits="1"/>
						<line number="397" hits="1"/>
						<line number="398" hits="1" branch="true" condition-coverage="50% (1/2)" missing-branches="405"/>
						<line number="399" hits="1" branch="true" condition-coverage="50% (1/2)" missing-branches="400"/>
						<line number="400" hits="0"/>
						<line number="402" hits="1"/>
						<line number="403" hits="1"/>
						<line number="405" hits="1" branch="true" condition-coverage="50% (1/2)" missing-branches="406"/>
						<line number="406" hits="0"/>
						<line number="407" hits="0"/>
						<line number="408" hits="0" branch="true" condition-coverage="0% (0/2)" missing-branches="409,411"/>
						<line number="409" hits="0"/>
						<line number="411" hits="0"/>
						<line number="413" hits="1"/>
						<line number="420" hits="1"/>
						<line number="421" hits="1"/>
						<line number="429" hits="0"/>
						<line number="430" hits="0"/>
						<line number="432" hits="0" branch="true" condition-coverage="0% (0/2)" missing-branches="433,435"/>
						<line number="433" hits="0"/>
						<line number="435" hits="0"/>
						<line number="436" hits="0"/>
						<line number="437" hits="0"/>
						<line number="438" hits="0"/>
						<line number="439" hits="0" branch="true" condition-coverage="0% (0/2)" missing-branches="440,442"/>
						<line number="440" hits="0"/>
						<line number="442" hits="0"/>
						<line number="450" hits="1"/>
						<line number="451" hits="1"/>
						<line number="463" hits="1"/>
						<line number="469" hits="1"/>
						<line number="472" hits="1" branch="true" condition-coverage="50% (1/2)" missing-branches="474"/>
						<line number="473" hits="1"/>
						<line number="474" hits="0" branch="true" condition-coverage="0% (0/2)" missing-branches="475,477"/>
						<line number="475" hits="0"/>
						<line number="477" hits="0"/>
						<line number="479" hits="1" branch="true" condition-coverage="100% (2/2)"/>
						<line number="480" hits="1"/>
						<line number="482" hits="1"/>
						<line number="484" hits="1" branch="true" condition-coverage="50% (1/2)" missing-branches="485"/>
						<line number="485" hits="0"/>
						<line number="487" hits="1" branch="true" condition-coverage="50% (1/2)" missing-branches="491"/>
						<line number="488" hits="1"/>
						<line number="491" hits="1"/>
						<line number="492" hits="1" branch="true" condition-coverage="100% (2/2)"/>
						<line number="494" hits="1"/>
						<line number="500" hits="1" branch="true" condition-coverage="100% (2/2)"/>
						<line number="501" hits="1" branch="true" condition-coverage="50% (1/2)" missing-branches="502"/>
						<line number="502" hits="0"/>
						<line number="503" hits="0"/>
						<line number="504" hits="0"/>
						<line number="513" hits="1"/>
						<line number="524" hits="1"/>
						<line number="533" hits="1" branch="true" condition-coverage="50% (1/2)" missing-branches="534"/>
						<line number="534" hits="0"/>
						<line number="537" hits="1" branch="true" condition-coverage="50% (1/2)" missing-branches="539"/>
						<line number="538" hits="1"/>
						<line number="539" hits="0" branch="true" condition-coverage="0% (0/2)" missing-branches="540,542"/>
						<line number="540" hits="0"/>
						<line number="542" hits="1"/>
						<line number="544" hits="1" branch="true" condition-coverage="50% (1/2)" missing-branches="545"/>
						<line number="545" hits="0"/>
						<line number="551" hits="1" branch="true" condition-coverage="50% (1/2)" missing-branches="553"/>
						<line number="552" hits="1"/>
						<line number="553" hits="0" branch="true" condition-coverage="0% (0/2)" missing-branches="554,555"/>
						<line number="554" hits="0"/>
						<line number="555" hits="0" branch="true" condition-coverage="0% (0/2)" missing-branches="556,559"/>
						<line number="556" hits="0"/>
						<line number="559" hits="1" branch="true" condition-coverage="50% (1/2)" missing-branches="560"/>
						<line number="560" hits="0"/>
						<line number="562" hits="1"/>
						<line number="566" hits="1"/>
						<line number="567" hits="1"/>
						<line number="569" hits="1"/>
						<line number="575" hits="1"/>
						<line number="583" hits="1"/>
						<line number="585" hits="1"/>
						<line number="586" hits="1"/>
						<line number="589" hits="1" branch="true" condition-coverage="50% (1/2)" missing-branches="594"/>
						<line number="590" hits="1"/>
						<line number="594" hits="0"/>
						<line number="596" hits="1"/>
						<line number="598" hits="1"/>
						<line number="599" hits="1"/>
						<line number="601" hits="1"/>
						<line number="603" hits="1"/>
						<line number="607" hits="1" branch="true" condition-coverage="100% (2/2)"/>
						<line number="608" hits="1"/>
						<line number="609" hits="1"/>
						<line number="610" hits="1"/>
						<line number="611" hits="1"/>
						<line number="612" hits="1"/>
						<line number="614" hits="1"/>
						<line number="623" hits="1"/>
						<line number="624" hits="1"/>
						<line number="646" hits="0"/>
						<line number="648" hits="0"/>
						<line number="649" hits="0"/>
						<line number="651" hits="0"/>
						<line number="652" hits="0" branch="true" condition-coverage="0% (0/2)" missing-branches="653,655"/>
						<line number="653" hits="0"/>
						<line number="655" hits="0"/>
						<line number="656" hits="0"/>
						<line number="658" hits="0"/>
						<line number="660" hits="1"/>
						<line number="661" hits="1"/>
						<line number="662" hits="1"/>
						<line number="670" hits="0"/>
						<line number="671" hits="0"/>
						<line number="673" hits="0"/>
						<line number="675" hits="0"/>
						<line number="676" hits="0" branch="true" condition-coverage="0% (0/2)" missing-branches="677,683"/>
						<line number="677" hits="0"/>
						<line number="682" hits="0"/>
						<line number="683" hits="0"/>
						<line number="684" hits="0" branch="true" condition-coverage="0% (0/2)" missing-branches="685,712"/>
						<line number="685" hits="0"/>
						<line number="686" hits="0"/>
						<line number="687" hits="0"/>
						<line number="688" hits="0"/>
						<line number="689" hits="0"/>
						<line number="691" hits="0"/>
						<line number="693" hits="0"/>
						<line number="694" hits="0"/>
						<line number="695" hits="0"/>
						<line number="696" hits="0"/>
						<line number="698" hits="0" branch="true" condition-coverage="0% (0/2)" missing-branches="699,708"/>
						<line number="699" hits="0"/>
						<line number="704" hits="0"/>
						<line number="705" hits="0"/>
						<line number="707" hits="0"/>
						<line number="708" hits="0" branch="true" condition-coverage="0% (0/2)" missing-branches="709,711"/>
						<line number="709" hits="0"/>
						<line number="711" hits="0"/>
						<line number="712" hits="0"/>
						<line number="713" hits="0"/>
						<line number="714" hits="0" branch="true" condition-coverage="0% (0/2)" missing-branches="715,717"/>
						<line number="715" hits="0"/>
						<line number="717" hits="0"/>
						<line number="718" hits="0"/>
					</lines>
				</class>
			</classes>
		</package>
		<package name="src.regularizedvi.utils" line-rate="0" branch-rate="1" complexity="0">
			<classes>
				<class name="__init__.py" filename="src/regularizedvi/utils/__init__.py" complexity="0" line-rate="0" branch-rate="1">
					<methods/>
					<lines>
						<line number="1" hits="0"/>
						<line number="3" hits="0"/>
					</lines>
				</class>
				<class name="_filtering.py" filename="src/regularizedvi/utils/_filtering.py" complexity="0" line-rate="0" branch-rate="1">
					<methods/>
					<lines>
						<line number="6" hits="0"/>
						<line number="7" hits="0"/>
						<line number="8" hits="0"/>
						<line number="11" hits="0"/>
						<line number="30" hits="0"/>
						<line number="31" hits="0"/>
						<line number="33" hits="0"/>
						<line number="34" hits="0"/>
						<line number="35" hits="0"/>
						<line number="37" hits="0"/>
						<line number="41" hits="0"/>
						<line number="42" hits="0"/>
						<line number="44" hits="0"/>
						<line number="45" hits="0"/>
						<line number="52" hits="0"/>
						<line number="60" hits="0"/>
						<line number="68" hits="0"/>
						<line number="69" hits="0"/>
						<line number="70" hits="0"/>
						<line number="71" hits="0"/>
						<line number="72" hits="0"/>
						<line number="73" hits="0"/>
						<line number="74" hits="0"/>
						<line number="76" hits="0"/>
					</lines>
				</class>
			</classes>
		</package>
	</packages>
</coverage>
